<?xml version="1.0" encoding="UTF-8"?>
<!-- Generated by org.testng.reporters.JUnitXMLReporter -->
<testsuite hostname="LAPTOP-9OMU804E" ignored="0" name="Default test" tests="3" failures="0" timestamp="29 Mar 2020 19:48:48 GMT" time="32.912" errors="0">
  <testcase name="checkIfLogoPresent" time="0.442" classname="allureReports.Test"/>
  <testcase name="logInTest" time="10.7" classname="allureReports.Test"/>
  <testcase name="registrationTest" time="0.006" classname="allureReports.Test"/>
</testsuite> <!-- Default test -->
