<?xml version="1.0" encoding="UTF-8"?>
<testng-results skipped="0" failed="1" ignored="0" total="6" passed="5">
  <reporter-output>
  </reporter-output>
  <suite name="Suite" duration-ms="47461" started-at="2020-04-05T12:44:29Z" finished-at="2020-04-05T12:45:16Z">
    <groups>
    </groups>
    <test name="Test" duration-ms="47461" started-at="2020-04-05T12:44:29Z" finished-at="2020-04-05T12:45:16Z">
      <class name="allureReports.Test">
        <test-method status="PASS" signature="setup()[pri:0, instance:allureReports.Test@11963225]" name="setup" is-config="true" duration-ms="13570" started-at="2020-04-05T12:44:45Z" finished-at="2020-04-05T12:44:59Z">
          <reporter-output>
          </reporter-output>
        </test-method> <!-- setup -->
        <test-method status="PASS" signature="checkIfLogoPresent()[pri:1, instance:allureReports.Test@11963225]" name="checkIfLogoPresent" duration-ms="133" started-at="2020-04-05T12:44:59Z" finished-at="2020-04-05T12:44:59Z">
          <reporter-output>
          </reporter-output>
        </test-method> <!-- checkIfLogoPresent -->
        <test-method status="FAIL" signature="logInTest()[pri:2, instance:allureReports.Test@11963225]" name="logInTest" duration-ms="9191" started-at="2020-04-05T12:45:01Z" finished-at="2020-04-05T12:45:10Z">
          <exception class="org.openqa.selenium.NoSuchElementException">
            <message>
              <![CDATA[no such element: Unable to locate element: {"method":"link text","selector":"Log out"}
  (Session info: chrome=80.0.3987.149)
For documentation on this error, please visit: https://www.seleniumhq.org/exceptions/no_such_element.html
Build info: version: '4.0.0-alpha-3', revision: '8c567de6dc'
System info: host: 'LAPTOP-9OMU804E', ip: '192.168.140.177', os.name: 'Windows 10', os.arch: 'amd64', os.version: '10.0', java.version: '1.8.0_162'
Driver info: org.openqa.selenium.chrome.ChromeDriver
Capabilities {acceptInsecureCerts: false, browserName: chrome, browserVersion: 80.0.3987.149, chrome: {chromedriverVersion: 80.0.3987.106 (f68069574609..., userDataDir: C:\Users\panka\AppData\Loca...}, goog:chromeOptions: {debuggerAddress: localhost:59081}, javascriptEnabled: true, networkConnectionEnabled: false, pageLoadStrategy: normal, platform: WINDOWS, platformName: WINDOWS, proxy: Proxy(), setWindowRect: true, strictFileInteractability: false, timeouts: {implicit: 0, pageLoad: 300000, script: 30000}, unhandledPromptBehavior: dismiss and notify}
Session ID: c7f1ad0bca4db709b08988e0652a8252
*** Element info: {Using=link text, value=Log out}]]>
            </message>
            <full-stacktrace>
              <![CDATA[org.openqa.selenium.NoSuchElementException: no such element: Unable to locate element: {"method":"link text","selector":"Log out"}
  (Session info: chrome=80.0.3987.149)
For documentation on this error, please visit: https://www.seleniumhq.org/exceptions/no_such_element.html
Build info: version: '4.0.0-alpha-3', revision: '8c567de6dc'
System info: host: 'LAPTOP-9OMU804E', ip: '192.168.140.177', os.name: 'Windows 10', os.arch: 'amd64', os.version: '10.0', java.version: '1.8.0_162'
Driver info: org.openqa.selenium.chrome.ChromeDriver
Capabilities {acceptInsecureCerts: false, browserName: chrome, browserVersion: 80.0.3987.149, chrome: {chromedriverVersion: 80.0.3987.106 (f68069574609..., userDataDir: C:\Users\panka\AppData\Loca...}, goog:chromeOptions: {debuggerAddress: localhost:59081}, javascriptEnabled: true, networkConnectionEnabled: false, pageLoadStrategy: normal, platform: WINDOWS, platformName: WINDOWS, proxy: Proxy(), setWindowRect: true, strictFileInteractability: false, timeouts: {implicit: 0, pageLoad: 300000, script: 30000}, unhandledPromptBehavior: dismiss and notify}
Session ID: c7f1ad0bca4db709b08988e0652a8252
*** Element info: {Using=link text, value=Log out}
at sun.reflect.NativeConstructorAccessorImpl.newInstance0(Native Method)
at sun.reflect.NativeConstructorAccessorImpl.newInstance(NativeConstructorAccessorImpl.java:62)
at sun.reflect.DelegatingConstructorAccessorImpl.newInstance(DelegatingConstructorAccessorImpl.java:45)
at java.lang.reflect.Constructor.newInstance(Constructor.java:423)
at org.openqa.selenium.remote.codec.w3c.W3CHttpResponseCodec.createException(W3CHttpResponseCodec.java:191)
at org.openqa.selenium.remote.codec.w3c.W3CHttpResponseCodec.decode(W3CHttpResponseCodec.java:125)
at org.openqa.selenium.remote.codec.w3c.W3CHttpResponseCodec.decode(W3CHttpResponseCodec.java:52)
at org.openqa.selenium.remote.HttpCommandExecutor.execute(HttpCommandExecutor.java:161)
at org.openqa.selenium.remote.service.DriverCommandExecutor.execute(DriverCommandExecutor.java:83)
at org.openqa.selenium.remote.RemoteWebDriver.execute(RemoteWebDriver.java:576)
at org.openqa.selenium.remote.RemoteWebDriver.findElement(RemoteWebDriver.java:327)
at org.openqa.selenium.remote.RemoteWebDriver.findElementByLinkText(RemoteWebDriver.java:385)
at org.openqa.selenium.By$ByLinkText.findElement(By.java:235)
at org.openqa.selenium.remote.RemoteWebDriver.findElement(RemoteWebDriver.java:319)
at allureReports.Test.logInTest(Test.java:79)
at sun.reflect.NativeMethodAccessorImpl.invoke0(Native Method)
at sun.reflect.NativeMethodAccessorImpl.invoke(NativeMethodAccessorImpl.java:62)
at sun.reflect.DelegatingMethodAccessorImpl.invoke(DelegatingMethodAccessorImpl.java:43)
at java.lang.reflect.Method.invoke(Method.java:498)
at org.testng.internal.MethodInvocationHelper.invokeMethod(MethodInvocationHelper.java:124)
at org.testng.internal.Invoker.invokeMethod(Invoker.java:583)
at org.testng.internal.Invoker.invokeTestMethod(Invoker.java:719)
at org.testng.internal.Invoker.invokeTestMethods(Invoker.java:989)
at org.testng.internal.TestMethodWorker.invokeTestMethods(TestMethodWorker.java:125)
at org.testng.internal.TestMethodWorker.run(TestMethodWorker.java:109)
at org.testng.TestRunner.privateRun(TestRunner.java:648)
at org.testng.TestRunner.run(TestRunner.java:505)
at org.testng.SuiteRunner.runTest(SuiteRunner.java:455)
at org.testng.SuiteRunner.runSequentially(SuiteRunner.java:450)
at org.testng.SuiteRunner.privateRun(SuiteRunner.java:415)
at org.testng.SuiteRunner.run(SuiteRunner.java:364)
at org.testng.SuiteRunnerWorker.runSuite(SuiteRunnerWorker.java:52)
at org.testng.SuiteRunnerWorker.run(SuiteRunnerWorker.java:84)
at org.testng.TestNG.runSuitesSequentially(TestNG.java:1208)
at org.testng.TestNG.runSuitesLocally(TestNG.java:1137)
at org.testng.TestNG.runSuites(TestNG.java:1049)
at org.testng.TestNG.run(TestNG.java:1017)
at org.testng.remote.AbstractRemoteTestNG.run(AbstractRemoteTestNG.java:114)
at org.testng.remote.RemoteTestNG.initAndRun(RemoteTestNG.java:251)
at org.testng.remote.RemoteTestNG.main(RemoteTestNG.java:77)
]]>
            </full-stacktrace>
          </exception> <!-- org.openqa.selenium.NoSuchElementException -->
          <reporter-output>
          </reporter-output>
        </test-method> <!-- logInTest -->
        <test-method status="PASS" signature="registrationTest()[pri:3, instance:allureReports.Test@11963225]" name="registrationTest" duration-ms="15" started-at="2020-04-05T12:45:15Z" finished-at="2020-04-05T12:45:15Z">
          <reporter-output>
          </reporter-output>
        </test-method> <!-- registrationTest -->
        <test-method status="PASS" signature="teardown()[pri:0, instance:allureReports.Test@11963225]" name="teardown" is-config="true" duration-ms="793" started-at="2020-04-05T12:45:15Z" finished-at="2020-04-05T12:45:16Z">
          <reporter-output>
          </reporter-output>
        </test-method> <!-- teardown -->
      </class> <!-- allureReports.Test -->
      <class name="allureReports.Test_01">
        <test-method status="PASS" signature="setup()[pri:0, instance:allureReports.Test_01@6a175569]" name="setup" is-config="true" duration-ms="15760" started-at="2020-04-05T12:44:29Z" finished-at="2020-04-05T12:44:44Z">
          <reporter-output>
          </reporter-output>
        </test-method> <!-- setup -->
        <test-method status="PASS" signature="checkIfLogoPresent()[pri:1, instance:allureReports.Test_01@6a175569]" name="checkIfLogoPresent" duration-ms="396" started-at="2020-04-05T12:44:44Z" finished-at="2020-04-05T12:44:45Z">
          <reporter-output>
          </reporter-output>
        </test-method> <!-- checkIfLogoPresent -->
        <test-method status="PASS" signature="logInTest()[pri:2, instance:allureReports.Test_01@6a175569]" name="logInTest" duration-ms="2328" started-at="2020-04-05T12:44:59Z" finished-at="2020-04-05T12:45:01Z">
          <reporter-output>
          </reporter-output>
        </test-method> <!-- logInTest -->
        <test-method status="PASS" signature="registrationTest()[pri:3, instance:allureReports.Test_01@6a175569]" name="registrationTest" duration-ms="7" started-at="2020-04-05T12:45:10Z" finished-at="2020-04-05T12:45:10Z">
          <reporter-output>
          </reporter-output>
        </test-method> <!-- registrationTest -->
        <test-method status="PASS" signature="teardown()[pri:0, instance:allureReports.Test_01@6a175569]" name="teardown" is-config="true" duration-ms="4737" started-at="2020-04-05T12:45:10Z" finished-at="2020-04-05T12:45:15Z">
          <reporter-output>
          </reporter-output>
        </test-method> <!-- teardown -->
      </class> <!-- allureReports.Test_01 -->
    </test> <!-- Test -->
  </suite> <!-- Suite -->
</testng-results>
